Flutter crash report; please file at https://github.com/flutter/flutter/issues.

## command

flutter build bundle --suppress-analytics --target C:\Users\Aryan Shrivastava\AndroidStudioProject\flutter_f9\lib\main.dart --track-widget-creation --compilation-trace-file compilation.txt --target-platform android-arm64 --depfile C:\Users\Aryan Shrivastava\AndroidStudioProject\flutter_f9\build\app\intermediates\flutter\debug/snapshot_blob.bin.d --asset-dir C:\Users\Aryan Shrivastava\AndroidStudioProject\flutter_f9\build\app\intermediates\flutter\debug/flutter_assets --debug

## exception

FileSystemException: FileSystemException: Cannot open file, path = 'C:\flutter_windows_v1.2.1-stable\flutter\bin\cache\downloads\storage.googleapis.com\flutter_infra\flutter\52c7a1e849a170be4b2b2fe34142ca2c0a6fea1f\android-arm64-dynamic-release\artifacts.zip' (OS Error: The system cannot find the path specified.
, errno = 3)

```
#0      _File.throwIfError (dart:io/file_impl.dart:643:7)
#1      _File.openSync (dart:io/file_impl.dart:487:5)
#2      _File.writeAsBytesSync (dart:io/file_impl.dart:612:31)
#3      _LocalFile&LocalFileSystemEntity&ForwardingFile.writeAsBytesSync (package:file/src/forwarding/forwarding_file.dart:124:16)
#4      _downloadFile (package:flutter_tools/src/cache.dart:917:12)
<asynchronous suspension>
#5      CachedArtifact._downloadArchive.<anonymous closure> (package:flutter_tools/src/cache.dart:408:17)
<asynchronous suspension>
#6      CachedArtifact._withDownloadFile (package:flutter_tools/src/cache.dart:437:26)
<asynchronous suspension>
#7      CachedArtifact._downloadArchive (package:flutter_tools/src/cache.dart:404:12)
#8      CachedArtifact._downloadZipArchive (package:flutter_tools/src/cache.dart:424:12)
#9      EngineCachedArtifact.updateInner (package:flutter_tools/src/cache.dart:571:13)
<asynchronous suspension>
#10     CachedArtifact.update (package:flutter_tools/src/cache.dart:367:11)
<asynchronous suspension>
#11     Cache.updateAll (package:flutter_tools/src/cache.dart:291:26)
<asynchronous suspension>
#12     FlutterCommand.verifyThenRunCommand (package:flutter_tools/src/runner/flutter_command.dart:543:19)
<asynchronous suspension>
#13     FlutterCommand.run.<anonymous closure> (package:flutter_tools/src/runner/flutter_command.dart:495:33)
<asynchronous suspension>
#14     AppContext.run.<anonymous closure> (package:flutter_tools/src/base/context.dart:142:29)
<asynchronous suspension>
#15     _rootRun (dart:async/zone.dart:1124:13)
#16     _CustomZone.run (dart:async/zone.dart:1021:19)
#17     _runZoned (dart:async/zone.dart:1516:10)
#18     runZoned (dart:async/zone.dart:1463:12)
#19     AppContext.run (package:flutter_tools/src/base/context.dart:141:18)
<asynchronous suspension>
#20     FlutterCommand.run (package:flutter_tools/src/runner/flutter_command.dart:486:20)
#21     CommandRunner.runCommand (package:args/command_runner.dart:196:27)
<asynchronous suspension>
#22     FlutterCommandRunner.runCommand.<anonymous closure> (package:flutter_tools/src/runner/flutter_command_runner.dart:396:21)
<asynchronous suspension>
#23     AppContext.run.<anonymous closure> (package:flutter_tools/src/base/context.dart:142:29)
<asynchronous suspension>
#24     _rootRun (dart:async/zone.dart:1124:13)
#25     _CustomZone.run (dart:async/zone.dart:1021:19)
#26     _runZoned (dart:async/zone.dart:1516:10)
#27     runZoned (dart:async/zone.dart:1463:12)
#28     AppContext.run (package:flutter_tools/src/base/context.dart:141:18)
<asynchronous suspension>
#29     FlutterCommandRunner.runCommand (package:flutter_tools/src/runner/flutter_command_runner.dart:356:19)
<asynchronous suspension>
#30     CommandRunner.run.<anonymous closure> (package:args/command_runner.dart:111:29)
#31     new Future.sync (dart:async/future.dart:224:31)
#32     CommandRunner.run (package:args/command_runner.dart:111:11)
#33     FlutterCommandRunner.run (package:flutter_tools/src/runner/flutter_command_runner.dart:242:18)
#34     run.<anonymous closure> (package:flutter_tools/runner.dart:60:20)
<asynchronous suspension>
#35     AppContext.run.<anonymous closure> (package:flutter_tools/src/base/context.dart:142:29)
<asynchronous suspension>
#36     _rootRun (dart:async/zone.dart:1124:13)
#37     _CustomZone.run (dart:async/zone.dart:1021:19)
#38     _runZoned (dart:async/zone.dart:1516:10)
#39     runZoned (dart:async/zone.dart:1463:12)
#40     AppContext.run (package:flutter_tools/src/base/context.dart:141:18)
<asynchronous suspension>
#41     runInContext (package:flutter_tools/src/context_runner.dart:50:24)
<asynchronous suspension>
#42     run (package:flutter_tools/runner.dart:51:10)
#43     main (package:flutter_tools/executable.dart:60:9)
<asynchronous suspension>
#44     main (file:///C:/flutter_windows_v1.2.1-stable/flutter/packages/flutter_tools/bin/flutter_tools.dart:8:3)
#45     _startIsolate.<anonymous closure> (dart:isolate-patch/isolate_patch.dart:298:32)
#46     _RawReceivePortImpl._handleMessage (dart:isolate-patch/isolate_patch.dart:171:12)
```

## flutter doctor

```
[✓] Flutter (Channel stable, v1.5.4-hotfix.2, on Microsoft Windows [Version 10.0.15063], locale en-IN)
    • Flutter version 1.5.4-hotfix.2 at C:\flutter_windows_v1.2.1-stable\flutter
    • Framework revision 7a4c33425d (5 weeks ago), 2019-04-29 11:05:24 -0700
    • Engine revision 52c7a1e849
    • Dart version 2.3.0 (build 2.3.0-dev.0.5 a1668566e5)

[!] Android toolchain - develop for Android devices (Android SDK version 28.0.3)
    • Android SDK at C:\Users\Aryan Shrivastava\AppData\Local\Android\sdk
    • Android NDK location not configured (optional; useful for native profiling support)
    • Platform android-28, build-tools 28.0.3
    • Java binary at: C:\Program Files\Android\Android Studio\jre\bin\java
    • Java version OpenJDK Runtime Environment (build 1.8.0_152-release-1248-b01)
    ✗ Android licenses not accepted.  To resolve this, run: flutter doctor --android-licenses

[✓] Android Studio (version 3.3)
    • Android Studio at C:\Program Files\Android\Android Studio
    • Flutter plugin version 34.0.1
    • Dart plugin version 182.5215
    • Java version OpenJDK Runtime Environment (build 1.8.0_152-release-1248-b01)

[!] VS Code (version 1.33.1)
    • VS Code at C:\Users\Aryan Shrivastava\AppData\Local\Programs\Microsoft VS Code
    ✗ Flutter extension not installed; install from
      https://marketplace.visualstudio.com/items?itemName=Dart-Code.flutter

[!] Connected device
    ! No devices available

! Doctor found issues in 3 categories.
```
